#
# There is insufficient memory for the Java Runtime Environment to continue.
# Native memory allocation (mmap) failed to map 232783872 bytes for G1 virtual space
# Possible reasons:
#   The system is out of physical RAM or swap space
#   The process is running with CompressedOops enabled, and the Java Heap may be blocking the growth of the native heap
# Possible solutions:
#   Reduce memory load on the system
#   Increase physical memory or swap space
#   Check if swap backing store is full
#   Decrease Java heap size (-Xmx/-Xms)
#   Decrease number of Java threads
#   Decrease Java thread stack sizes (-Xss)
#   Set larger code cache with -XX:ReservedCodeCacheSize=
#   JVM is running with Zero Based Compressed Oops mode in which the Java heap is
#     placed in the first 32GB address space. The Java Heap base address is the
#     maximum limit for the native heap growth. Please use -XX:HeapBaseMinAddress
#     to set the Java Heap base and to place the Java Heap above 32GB virtual address.
# This output file may be truncated or incomplete.
#
#  Out of Memory Error (os_windows.cpp:3536), pid=21644, tid=22176
#
# JRE version:  (19.0.2+7) (build )
# Java VM: OpenJDK 64-Bit Server VM (19.0.2+7-44, mixed mode, sharing, tiered, compressed oops, compressed class ptrs, g1 gc, windows-amd64)
# No core dump will be written. Minidumps are not enabled by default on client versions of Windows
#

---------------  S U M M A R Y ------------

Command Line: -javaagent:D:\Program Files\JetBrains\IntelliJ IDEA Community Edition 2022.3.2\lib\idea_rt.jar=62380:D:\Program Files\JetBrains\IntelliJ IDEA Community Edition 2022.3.2\bin -Dfile.encoding=UTF-8 -Dsun.stdout.encoding=UTF-8 -Dsun.stderr.encoding=UTF-8 com.spring.flight_service.FlightServiceApplicationKt

Host: AMD Ryzen 5 5600H with Radeon Graphics         , 12 cores, 13G,  Windows 10 , 64 bit Build 19041 (10.0.19041.2913)
Time: Mon Jun  5 14:40:52 2023 FLE Daylight Time elapsed time: 0.040980 seconds (0d 0h 0m 0s)

---------------  T H R E A D  ---------------

Current thread (0x00000275ab166760):  JavaThread "Unknown thread" [_thread_in_vm, id=22176, stack(0x000000c0fc500000,0x000000c0fc600000)]

Stack: [0x000000c0fc500000,0x000000c0fc600000]
Native frames: (J=compiled Java code, j=interpreted, Vv=VM code, C=native code)
V  [jvm.dll+0x6ee21a]
V  [jvm.dll+0x85765e]
V  [jvm.dll+0x85904e]
V  [jvm.dll+0x859703]
V  [jvm.dll+0x28298f]
V  [jvm.dll+0x6eb009]
V  [jvm.dll+0x6dfbaa]
V  [jvm.dll+0x3573f6]
V  [jvm.dll+0x35ee56]
V  [jvm.dll+0x3b541e]
V  [jvm.dll+0x3b564f]
V  [jvm.dll+0x32c9ea]
V  [jvm.dll+0x32d89e]
V  [jvm.dll+0x821780]
V  [jvm.dll+0x3c2661]
V  [jvm.dll+0x801f51]
V  [jvm.dll+0x44ae8f]
V  [jvm.dll+0x44c811]
C  [jli.dll+0x5287]
C  [ucrtbase.dll+0x21bb2]
C  [KERNEL32.DLL+0x17614]
C  [ntdll.dll+0x526a1]


---------------  P R O C E S S  ---------------

Threads class SMR info:
_java_thread_list=0x00007ffcb1d0d048, length=0, elements={
}

Java Threads: ( => current thread )

Other Threads:
  0x00000275ab1cb980 WorkerThread "GC Thread#0" [stack: 0x000000c0fc600000,0x000000c0fc700000] [id=22180]
  0x00000275ab1dafe0 ConcurrentGCThread "G1 Main Marker" [stack: 0x000000c0fc700000,0x000000c0fc800000] [id=7144]
  0x00000275ab1dde30 WorkerThread "G1 Conc#0" [stack: 0x000000c0fc800000,0x000000c0fc900000] [id=11308]

[error occurred during error reporting (printing all threads), id 0xc0000005, EXCEPTION_ACCESS_VIOLATION (0xc0000005) at pc=0x00007ffcb14cd427]

VM state: not at safepoint (not fully initialized)

VM Mutex/Monitor currently owned by a thread:  ([mutex/lock_event])
[0x00000275ab161e50] Heap_lock - owner thread: 0x00000275ab166760

Heap address: 0x0000000722400000, size: 3548 MB, Compressed Oops mode: Zero based, Oop shift amount: 3

CDS archive(s) mapped at: [0x0000000000000000-0x0000000000000000-0x0000000000000000), size 0, SharedBaseAddress: 0x0000000800000000, ArchiveRelocationMode: 0.
Narrow klass base: 0x0000000000000000, Narrow klass shift: 0, Narrow klass range: 0x0

GC Precious Log:
 CardTable entry size: 512
 Card Set container configuration: InlinePtr #cards 4 size 8 Array Of Cards #cards 16 size 48 Howl #buckets 8 coarsen threshold 3686 Howl Bitmap #cards 512 size 80 coarsen threshold 460 Card regions per heap region 1 cards per card region 4096

Heap:
 garbage-first heap   total 0K, used 0K [0x0000000722400000, 0x0000000800000000)
  region size 2048K, 0 young (0K), 0 survivors (0K)

[error occurred during error reporting (printing heap information), id 0xc0000005, EXCEPTION_ACCESS_VIOLATION (0xc0000005) at pc=0x00007ffcb18d6649]

GC Heap History (0 events):
No events

Dll operation events (1 events):
Event: 0.025 Loaded shared library D:\Users\fight\.jdks\openjdk-19.0.2\bin\java.dll

Deoptimization events (0 events):
No events

Classes loaded (0 events):
No events

Classes unloaded (0 events):
No events

Classes redefined (0 events):
No events

Internal exceptions (0 events):
No events

VM Operations (0 events):
No events

Events (0 events):
No events


Dynamic libraries:
0x00007ff6e7a00000 - 0x00007ff6e7a0e000 	D:\Users\fight\.jdks\openjdk-19.0.2\bin\java.exe
0x00007ffd40ab0000 - 0x00007ffd40ca8000 	C:\Windows\SYSTEM32\ntdll.dll
0x00007ffd406e0000 - 0x00007ffd4079f000 	C:\Windows\System32\KERNEL32.DLL
0x00007ffd3e3c0000 - 0x00007ffd3e6b6000 	C:\Windows\System32\KERNELBASE.dll
0x00007ffd3e6c0000 - 0x00007ffd3e7c0000 	C:\Windows\System32\ucrtbase.dll
0x00007ffd2f990000 - 0x00007ffd2f9ab000 	D:\Users\fight\.jdks\openjdk-19.0.2\bin\VCRUNTIME140.dll
0x00007ffd2f9c0000 - 0x00007ffd2f9d7000 	D:\Users\fight\.jdks\openjdk-19.0.2\bin\jli.dll
0x00007ffd3fdb0000 - 0x00007ffd3ff4d000 	C:\Windows\System32\USER32.dll
0x00007ffd2f470000 - 0x00007ffd2f70a000 	C:\Windows\WinSxS\amd64_microsoft.windows.common-controls_6595b64144ccf1df_6.0.19041.1110_none_60b5254171f9507e\COMCTL32.dll
0x00007ffd3e390000 - 0x00007ffd3e3b2000 	C:\Windows\System32\win32u.dll
0x00007ffd3fbf0000 - 0x00007ffd3fc1c000 	C:\Windows\System32\GDI32.dll
0x00007ffd3e830000 - 0x00007ffd3e945000 	C:\Windows\System32\gdi32full.dll
0x00007ffd3e190000 - 0x00007ffd3e22d000 	C:\Windows\System32\msvcp_win.dll
0x00007ffd40580000 - 0x00007ffd4061e000 	C:\Windows\System32\msvcrt.dll
0x00007ffd3ff60000 - 0x00007ffd3ff90000 	C:\Windows\System32\IMM32.DLL
0x00007ffd2f980000 - 0x00007ffd2f98c000 	D:\Users\fight\.jdks\openjdk-19.0.2\bin\vcruntime140_1.dll
0x00007ffd2ead0000 - 0x00007ffd2eb5e000 	D:\Users\fight\.jdks\openjdk-19.0.2\bin\msvcp140.dll
0x00007ffcb1190000 - 0x00007ffcb1e50000 	D:\Users\fight\.jdks\openjdk-19.0.2\bin\server\jvm.dll
0x00007ffd407a0000 - 0x00007ffd4084f000 	C:\Windows\System32\ADVAPI32.dll
0x00007ffd3ee80000 - 0x00007ffd3ef1c000 	C:\Windows\System32\sechost.dll
0x00007ffd3ff90000 - 0x00007ffd400b6000 	C:\Windows\System32\RPCRT4.dll
0x00007ffd36f40000 - 0x00007ffd36f4a000 	C:\Windows\SYSTEM32\VERSION.dll
0x00007ffd319e0000 - 0x00007ffd31a07000 	C:\Windows\SYSTEM32\WINMM.dll
0x00007ffd39d60000 - 0x00007ffd39d69000 	C:\Windows\SYSTEM32\WSOCK32.dll
0x00007ffd40240000 - 0x00007ffd402ab000 	C:\Windows\System32\ws2_32.DLL
0x00007ffd3c9a0000 - 0x00007ffd3c9b2000 	C:\Windows\SYSTEM32\kernel.appcore.dll
0x00007ffd21f80000 - 0x00007ffd21f8a000 	D:\Users\fight\.jdks\openjdk-19.0.2\bin\jimage.dll
0x00007ffd3be90000 - 0x00007ffd3c074000 	C:\Windows\SYSTEM32\DBGHELP.DLL
0x00007ffd2fd60000 - 0x00007ffd2fd94000 	C:\Windows\SYSTEM32\dbgcore.DLL
0x00007ffd3ea80000 - 0x00007ffd3eb02000 	C:\Windows\System32\bcryptPrimitives.dll
0x00007ffd1bd80000 - 0x00007ffd1bd8e000 	D:\Users\fight\.jdks\openjdk-19.0.2\bin\instrument.dll
0x00007ffd04930000 - 0x00007ffd04956000 	D:\Users\fight\.jdks\openjdk-19.0.2\bin\java.dll

dbghelp: loaded successfully - version: 4.0.5 - missing functions: none
symbol engine: initialized successfully - sym options: 0x614 - pdb path: .;D:\Users\fight\.jdks\openjdk-19.0.2\bin;C:\Windows\SYSTEM32;C:\Windows\WinSxS\amd64_microsoft.windows.common-controls_6595b64144ccf1df_6.0.19041.1110_none_60b5254171f9507e;D:\Users\fight\.jdks\openjdk-19.0.2\bin\server

VM Arguments:
jvm_args: -javaagent:D:\Program Files\JetBrains\IntelliJ IDEA Community Edition 2022.3.2\lib\idea_rt.jar=62380:D:\Program Files\JetBrains\IntelliJ IDEA Community Edition 2022.3.2\bin -Dfile.encoding=UTF-8 -Dsun.stdout.encoding=UTF-8 -Dsun.stderr.encoding=UTF-8 
java_command: com.spring.flight_service.FlightServiceApplicationKt
java_class_path (initial): D:\Users\fight\IdeaProjects\flight_service\build\classes\kotlin\main;D:\Users\fight\IdeaProjects\flight_service\build\resources\main;D:\Users\fight\.gradle\caches\modules-2\files-2.1\org.jetbrains.kotlin\kotlin-stdlib-jdk8\1.8.21\67f57e154437cd9e6e9cf368394b95814836ff88\kotlin-stdlib-jdk8-1.8.21.jar;D:\Users\fight\.gradle\caches\modules-2\files-2.1\org.springframework.boot\spring-boot-starter-webflux\3.1.0\de7bae18bb9b1cc6f8b6cf5da429865cfe8836c1\spring-boot-starter-webflux-3.1.0.jar;D:\Users\fight\.gradle\caches\modules-2\files-2.1\org.springframework.boot\spring-boot-starter-data-jpa\3.1.0\1a53916d640ad5d27ba3a3c3d053c9c90ab35bcc\spring-boot-starter-data-jpa-3.1.0.jar;D:\Users\fight\.gradle\caches\modules-2\files-2.1\org.springframework.boot\spring-boot-starter-validation\3.1.0\e4ed397b43f21c5edffbf1eba93d61cc74170b5f\spring-boot-starter-validation-3.1.0.jar;D:\Users\fight\.gradle\caches\modules-2\files-2.1\org.springframework.boot\spring-boot-starter-web\3.1.0\36a8666047ea49114e0974bece35e2ef68cf975f\spring-boot-starter-web-3.1.0.jar;D:\Users\fight\.gradle\caches\modules-2\files-2.1\com.fasterxml.jackson.module\jackson-module-kotlin\2.15.0\8a0d8abf0efc4c9bdeb54d0049078ffec1a2f35f\jackson-module-kotlin-2.15.0.jar;D:\Users\fight\.gradle\caches\modules-2\files-2.1\org.jetbrains.kotlin\kotlin-reflect\1.8.21\662838019bc1141f8a311180d93b9e13765c7f55\kotlin-reflect-1.8.21.jar;D:\Users\fight\.gradle\caches\modules-2\files-2.1\org.jetbrains.kotlin\kotlin-stdlib-jdk7\1.8.21\7473b8cd3c0ef9932345baf569bc398e8a717046\kotlin-stdlib-jdk7-1.8.21.jar;D:\Users\fight\.gradle\caches\modules-2\files-2.1\org.jetbrains.kotlin\kotlin-stdlib\1.8.21\43d50ab85bc7587adfe3dda3dbe579e5f8d51265\kotlin-stdlib-1.8.21.jar;D:\Users\fight\.gradle\caches\modules-2\files-2.1\org.springframework.boot\spring-boot-starter-json\3.1.0\546bd372bc070339c4255ed37f4f0ff5aafa2648\spring-boot-starter-json-3.1.0.jar;D:\Users\fight\.gradle\caches\modules-2\files-2.1\org.springframework.boot\spring-boot-starter\3.1.0\2960a1f899f4ee3eb815dc85986b0428c1a5289f\spring-boot-starter-3.1.0.jar;D:\Users\fight\.gradle\caches\modules-2\files-2.1\org.springframework.boot\spring-boot-starter-reactor-netty\3.1.0\459f08fe6229aa7330904d32b7cf4526fb3d791f\spring-boot-starter-reactor-netty-3.1.0.jar;D:\Users\fight\.gradle\caches\modules-2\files-2.1\org.springframework\spring-webflux\6.0.9\ceb8252f83c2ebb6416e342811694626aba13dee\spring-webflux-6.0.9.jar;D:\Users\fight\.gradle\caches\modules-2\files-2.1\org.springframework\spring-web\6.0.9\2837dec8a75ecfdad367d6c30ce9cbdfc89caa7a\spring-web-6.0.9.jar;D:\Users\fight\.gradle\caches\modules-2\files-2.1\org.springframework.boot\spring-boot-starter-aop\3.1.0\417ff6178235117614e2673ad9c24fd530437deb\spring-boot-starter-aop-3.1.0.jar;D:\Users\fight\.gradle\caches\modules-2\files-2.1\org.springframework.boot\spring-boot-starter-jdbc\3.1.0\1a828c8ec6fd10bb13cf7732799b236b096a4c4a\spring-boot-starter-jdbc-3.1.0.jar;D:\Users\fight\.gradle\caches\modules-2\files-2.1\org.hibernate.orm\hibernate-core\6.2.2.Final\56cacc4b7b1c887174c73e9c206bdef6272f87e7\hibernate-core-6.2.2.Final.jar;D:\Users\fight\.gradle\caches\modules-2\files-2.1\org.springframework.data\spring-data-jpa\3.1.0\bed32c8c47d3493091dd6aafd95adba610d9adeb\spring-data-jpa-3.1.0.jar;D:\Users\fight\.gradle\caches\modules-2\files-2.1\org.springframework\spring-aspects\6.0.9\3b06099725350189816fcfad01834450378500ca\spring-aspects-6.0.9.jar;D:\Users\fight\.gradle\caches\modules-2\files-2.1\org.apache.tomcat.embed\tomcat-embed-el\10.1.8\6f3a4ae2ae37270eeb6e9bec4e7207facdc9e8fa\tomcat-embed-el-10.1.8.jar;D:\Users\fight\.gradle\caches\modules-2\files-2.1\org.hibernate.validator\hibernate-validator\8.0.0.Final\8e0389f22a3a246915a3311877da4168256b95d2\hibernate-validator-8.0.0.Final.jar;D:\Users\fight\.gradle\caches\modules-2\files-2.1\org.springframework\spring-webmvc\6.0.9\e127c07a23403832d0c6292f4a0bf8c7a2b7329f\spring-webmvc-6.0.9.jar;D:\Users\fight\.gradle\caches\modules-2\files-2.1\org.springframework.boot\spring-boot-starter-tomcat\3.1.0\e7ea53de5a58aaf63f0e3a80d438f7dfc0b9806b\spring-boot-starter-tomcat-3.1.0.jar;D:\Users\fight\.gradle\caches\modules-2\files-2.1\com.fasterxml.jackson.core\jackson-databind\2.15.0\d41caa3a4e9f85382702a059a65c512f85ac230\jackson-databind-2.15.0.jar;D:\Users\fight\.gradle\caches\modules-2\files-2.1\com.fasterxml.jackson.core\jackson-annotations\2.15.0\89b0fd554928425a776a6e97ed010034312af21d\jackson-annotations-2.15.0.jar;D:\Users\fight\.gradle\caches\modules-2\files-2.1\org.jetbrains.kotlin\kotlin-stdlib-common\1.8.21\d749cd5ae25da36d06e5028785038e24f9d37976\kotlin-stdlib-common-1.8.21.jar;D:\Users\fight\.gradle\caches\modules-2\files-2.1\org.jetbrains\annotations\13.0\919f0dfe192fb4e063e7dacadee7f8bb9a2672a9\annotations-13.0.jar;D:\Users\fight\.gradle\caches\modules-2\files-2.1\com.fasterxml.jackson.datatype\jackson-datatype-jdk8\2.15.0\ddfd375d4df3a4c149bf7d5d71c45b91909cf31f\jackson-datatype-jdk8-2.15.0.jar;D:\Users\fight\.gradle\caches\modules-2\files-2.1\com.fasterxml.jackson.datatype\jackson-datatype-jsr310\2.15.0\3c3a0cfba09271fab4603224f2c2e21c6ddf6dc4\jackson-datatype-jsr310-2.15.0.jar;D:\Users\fight\.gradle\caches\modules-2\files-2.1\com.fasterxml.jackson.module\jackson-module-parameter-names\2.15.0\b900bd44597ba9a8b348b49428f457d5f16fc302\jackson-module-parameter-names-2.15.0.jar;D:\Users\fight\.gradle\caches\modules-2\files-2.1\org.springframework.boot\spring-boot-autoconfigure\3.1.0\b06d1f0b08f6f8a2636e364c8941b2dabc4f0b77\spring-boot-autoconfigure-3.1.0.jar;D:\Users\fight\.gradle\caches\modules-2\files-2.1\org.springframework.boot\spring-boot\3.1.0\efa941e9a2162a3dd8c5e4679f46a24af9e5769f\spring-boot-3.1.0.jar;D:\Users\fight\.gradle\caches\modules-2\files-2.1\org.springframework.boot\spring-boot-starter-logging\3.1.0\4784b6e2adfe32720a4e2c009a62650835bba391\spring-boot-starter-logging-3.1.0.jar;D:\Users\fight\.gradle\caches\modules-2\files-2.1\jakarta.annotation\jakarta.annotation-api\2.1.1\48b9bda22b091b1f48b13af03fe36db3be6e1ae3\jakarta.annotation-api-2.1.1.jar;D:\Users\fight\.gradle\caches\modules-2\files-2.1\org.springframework\spring-core\6.0.9\284ed111fa0b49b29f6fea6ac0afa402b809e427\spring-core-6.0.9.jar;D:\Users\fight\.gradle\caches\modules-2\files-2.1\org.yaml\snakeyaml\1.33\2cd0a87ff7df953f810c344bdf2fe3340b954c69\snakeyaml-1.33.jar;D:\Users\fight\.gradle\caches\modules-2\files-2.1\io.projectreactor.netty\reactor-netty-http\1.1.7\39d7c0a13afa471b426a30bcf82664496ad34723\reactor-netty-http-1.1.7.jar;D:\Users\fight\.gradle\caches\modules-2\files-2.1\org.springframework\spring-beans\6.0.9\745619eee32c8ead88a21c97748d2416f1db8dd9\spring-beans-6.0.9.jar;D:\Users\fight\.gradle\caches\modules-2\files-2.1\io.projectreactor\reactor-core\3.5.6\27fdc551537b349389176a23a192f11a7a3d7de\reactor-core-3.5.6.jar;D:\Users\fight\.gradle\caches\modules-2\files-2.1\io.micrometer\micrometer-observation\1.11.0\b3d1b34d16e7e8fa9087c5d51ec39bc3005e2733\micrometer-observation-1.11.0.jar;D:\Users\fight\.gradle\caches\modules-2\files-2.1\org.springframework\spring-aop\6.0.9\8c1025bf9c1dc66f5268639866b5a45ed9bc62ef\spring-aop-6.0.9.jar;D:\Users\fight\.gradle\caches\modules-2\files-2.1\org.aspectj\aspectjweaver\1.9.19\afbffb1210239fbba5cad73093c5b216d515838f\aspectjweaver-1.9.19.jar;D:\Users\fight\.gradle\caches\modules-2\files-2.1\org.springframework\spring-jdbc\6.0.9\814fe718b4d17187081c8efa66aaad7754d4675b\spring-jdbc-6.0.9.jar;D:\Users\fight\.gradle\caches\modules-2\files-2.1\com.zaxxer\HikariCP\5.0.1\a74c7f0a37046846e88d54f7cb6ea6d565c65f9c\HikariCP-5.0.1.jar;D:\Users\fight\.gradle\caches\modules-2\files-2.1\jakarta.persistence\jakarta.persistence-api\3.1.0\66901fa1c373c6aff65c13791cc11da72060a8d6\jakarta.persistence-api-3.1.0.jar;D:\Users\fight\.gradle\caches\modules-2\files-2.1\jakarta.transaction\jakarta.transaction-api\2.0.1\51a520e3fae406abb84e2e1148e6746ce3f80a1a\jakarta.transaction-api-2.0.1.jar;D:\Users\fight\.gradle\caches\modules-2\files-2.1\org.springframework\spring-context\6.0.9\be88c57829b9ec038774b47c241ac45673352a55\spring-context-6.0.9.jar;D:\Users\fight\.gradle\caches\modules-2\files-2.1\org.springframework\spring-orm\6.0.9\b211685d9f7499402b74f02a5b32447032095ac6\spring-orm-6.0.9.jar;D:\Users\fight\.gradle\caches\modules-2\files-2.1\org.springframework.data\spring-data-commons\3.1.0\d0af470d565f2de864faeeb45181d2305510df3a\spring-data-commons-3.1.0.jar;D:\Users\fight\.gradle\caches\modules-2\files-2.1\org.springframework\spring-tx\6.0.9\89818f4cc656107709d3db6b238ed9b776d3dbb4\spring-tx-6.0.9.jar;D:\Users\fight\.gradle\caches\modules-2\files-2.1\org.antlr\antlr4-runtime\4.10.1\10839f875928f59c622d675091d51a43ea0dc5f7\antlr4-runtime-4.10.1.jar;D:\Users\fight\.gradle\caches\modules-2\files-2.1\org.slf4j\slf4j-api\2.0.7\41eb7184ea9d556f23e18b5cb99cad1f8581fc00\slf4j-api-2.0.7.jar;D:\Users\fight\.gradle\caches\modules-2\files-2.1\jakarta.validation\jakarta.validation-api\3.0.2\92b6631659ba35ca09e44874d3eb936edfeee532\jakarta.validation-api-3.0.2.jar;D:\Users\fight\.gradle\caches\modules-2\files-2.1\org.jboss.logging\jboss-logging\3.5.0.Final\c19307cc11f28f5e2679347e633a3294d865334d\jboss-logging-3.5.0.Final.jar;D:\Users\fight\.gradle\caches\modules-2\files-2.1\com.fasterxml\classmate\1.5.1\3fe0bed568c62df5e89f4f174c101eab25345b6c\classmate-1.5.1.jar;D:\Users\fight\.gradle\caches\modules-2\files-2.1\org.springframework\spring-expression\6.0.9\f50a1df7ed038ee7ca85528aff652cef4ff4883b\spring-expression-6.0.9.jar;D:\Users\fight\.gradle\caches\modules-2\files-2.1\org.apache.tomcat.embed\tomcat-embed-websocket\10.1.8\7abb8ab966dd135924c8e69cb2f1db735dee5f23\tomcat-embed-websocket-10.1.8.jar;D:\Users\fight\.gradle\caches\modules-2\files-2.1\org.apache.tomcat.embed\tomcat-embed-core\10.1.8\ec4b884806c65c80c86bb3db134f6f6f99e79ed8\tomcat-embed-core-10.1.8.jar;D:\Users\fight\.gradle\caches\modules-2\files-2.1\com.fasterxml.jackson.core\jackson-core\2.15.0\12f334a1dc9c6d2854c43ae314024dde8b3ad572\jackson-core-2.15.0.jar;D:\Users\fight\.gradle\caches\modules-2\files-2.1\ch.qos.logback\logback-classic\1.4.7\307944865579a6d490e6a4cbb5082dc8f36536ca\logback-classic-1.4.7.jar;D:\Users\fight\.gradle\caches\modules-2\files-2.1\org.apache.logging.log4j\log4j-to-slf4j\2.20.0\d37f81f8978e2672bc32c82712ab4b3f66624adc\log4j-to-slf4j-2.20.0.jar;D:\Users\fight\.gradle\caches\modules-2\files-2.1\org.slf4j\jul-to-slf4j\2.0.7\a48f44aeaa8a5ddc347007298a28173ac1fbbd8b\jul-to-slf4j-2.0.7.jar;D:\Users\fight\.gradle\caches\modules-2\files-2.1\org.springframework\spring-jcl\6.0.9\88d9ddfc6bbbf4047c2a8de8de94a425b06f636a\spring-jcl-6.0.9.jar;D:\Users\fight\.gradle\caches\modules-2\files-2.1\io.projectreactor.netty\reactor-netty-core\1.1.7\d38bb526a501f52c4476b03730c710a96f8fd35b\reactor-netty-core-1.1.7.jar;D:\Users\fight\.gradle\caches\modules-2\files-2.1\io.netty\netty-codec-http2\4.1.92.Final\65afd3b26bf167c6e31fa179933fd437a64d0b5f\netty-codec-http2-4.1.92.Final.jar;D:\Users\fight\.gradle\caches\modules-2\files-2.1\io.netty\netty-codec-http\4.1.92.Final\b91f907a19c6bfb318077951eb28a3dbee8f41fd\netty-codec-http-4.1.92.Final.jar;D:\Users\fight\.gradle\caches\modules-2\files-2.1\io.netty\netty-resolver-dns-native-macos\4.1.92.Final\b3b38c2c4a226cbe5a0013c05bcf704ee025c67b\netty-resolver-dns-native-macos-4.1.92.Final-osx-x86_64.jar;D:\Users\fight\.gradle\caches\modules-2\files-2.1\io.netty\netty-resolver-dns\4.1.92.Final\31ade4afd046a1701d420aac3c2eb6ffc25f87b5\netty-resolver-dns-4.1.92.Final.jar;D:\Users\fight\.gradle\caches\modules-2\files-2.1\io.netty\netty-transport-native-epoll\4.1.92.Final\287cddec8463544c7a5c79dfd2fafc6058baef9\netty-transport-native-epoll-4.1.92.Final-linux-x86_64.jar;D:\Users\fight\.gradle\caches\modules-2\files-2.1\org.reactivestreams\reactive-streams\1.0.4\3864a1320d97d7b045f729a326e1e077661f31b7\reactive-streams-1.0.4.jar;D:\Users\fight\.gradle\caches\modules-2\files-2.1\io.micrometer\micrometer-commons\1.11.0\5de5da6be4f01128ab3995acdf86f2844137d4e4\micrometer-commons-1.11.0.jar;D:\Users\fight\.gradle\caches\modules-2\files-2.1\ch.randelshofer\fastdoubleparser\0.8.0\85c25540369921659556ead85e02c99ef0d24280\fastdoubleparser-0.8.0.jar;D:\Users\fight\.gradle\caches\modules-2\files-2.1\ch.qos.logback\logback-core\1.4.7\a2948dae4013d0e9486141b4d638d8951becb767\logback-core-1.4.7.jar;D:\Users\fight\.gradle\caches\modules-2\files-2.1\org.apache.logging.log4j\log4j-api\2.20.0\1fe6082e660daf07c689a89c94dc0f49c26b44bb\log4j-api-2.20.0.jar;D:\Users\fight\.gradle\caches\modules-2\files-2.1\io.netty\netty-handler-proxy\4.1.92.Final\d29ed946518e608e7e18225ee05a23c77c2dee82\netty-handler-proxy-4.1.92.Final.jar;D:\Users\fight\.gradle\caches\modules-2\files-2.1\io.netty\netty-handler\4.1.92.Final\d8e961d89a966c0cdea88105bbb2353408a41d12\netty-handler-4.1.92.Final.jar;D:\Users\fight\.gradle\caches\modules-2\files-2.1\io.netty\netty-codec\4.1.92.Final\9496b3d59290edcc6480cbe064f33560873f7484\netty-codec-4.1.92.Final.jar;D:\Users\fight\.gradle\caches\modules-2\files-2.1\io.netty\netty-transport\4.1.92.Final\e0cf483b7c04af7207c02a6ff0c861592b09c97a\netty-transport-4.1.92.Final.jar;D:\Users\fight\.gradle\caches\modules-2\files-2.1\io.netty\netty-buffer\4.1.92.Final\5ff1ba7ec68c20e635fc0f2b792c38c951f688d6\netty-buffer-4.1.92.Final.jar;D:\Users\fight\.gradle\caches\modules-2\files-2.1\io.netty\netty-common\4.1.92.Final\66133f9ad31816a227acf3030632903cb9e4c5a2\netty-common-4.1.92.Final.jar;D:\Users\fight\.gradle\caches\modules-2\files-2.1\io.netty\netty-resolver-dns-classes-macos\4.1.92.Final\ea1bee2e2356c7d9cb8c31325486884dd6b84994\netty-resolver-dns-classes-macos-4.1.92.Final.jar;D:\Users\fight\.gradle\caches\modules-2\files-2.1\io.netty\netty-codec-dns\4.1.92.Final\1416eb862edf16d0e5e867d47b4f00937e7133ee\netty-codec-dns-4.1.92.Final.jar;D:\Users\fight\.gradle\caches\modules-2\files-2.1\io.netty\netty-resolver\4.1.92.Final\fe96e210a4e139cb043d26702792b6098b93b13f\netty-resolver-4.1.92.Final.jar;D:\Users\fight\.gradle\caches\modules-2\files-2.1\io.netty\netty-transport-classes-epoll\4.1.92.Final\ca149d6a9a028eafcd6b45e3884529d04628fe64\netty-transport-classes-epoll-4.1.92.Final.jar;D:\Users\fight\.gradle\caches\modules-2\files-2.1\io.netty\netty-transport-native-unix-common\4.1.92.Final\22364cca56b752abb49fb7972f0f6299b8d6be98\netty-transport-native-unix-common-4.1.92.Final.jar;D:\Users\fight\.gradle\caches\modules-2\files-2.1\io.netty\netty-codec-socks\4.1.92.Final\ae1daa774f14a4cd9ce87465018ca961357ee8d3\netty-codec-socks-4.1.92.Final.jar;D:\Users\fight\.gradle\caches\modules-2\files-2.1\com.h2database\h2\2.1.214\d5c2005c9e3279201e12d4776c948578b16bf8b2\h2-2.1.214.jar;D:\Users\fight\.gradle\caches\modules-2\files-2.1\org.postgresql\postgresql\42.6.0\7614cfce466145b84972781ab0079b8dea49e363\postgresql-42.6.0.jar;D:\Users\fight\.gradle\caches\modules-2\files-2.1\org.checkerframework\checker-qual\3.31.0\eeefd4af42e2f4221d145c1791582f91868f99ab\checker-qual-3.31.0.jar;D:\Users\fight\.gradle\caches\modules-2\files-2.1\org.hibernate.common\hibernate-commons-annotations\6.0.6.Final\77a5f94b56d49508e0ee334751db5b78e5ccd50c\hibernate-commons-annotations-6.0.6.Final.jar;D:\Users\fight\.gradle\caches\modules-2\files-2.1\io.smallrye\jandex\3.0.5\c548a4871b552292dbdd65409d3fda145c8925c1\jandex-3.0.5.jar;D:\Users\fight\.gradle\caches\modules-2\files-2.1\net.bytebuddy\byte-buddy\1.14.4\20498aaec9b00a5cfdb831e7bf68feafa833ce4b\byte-buddy-1.14.4.jar;D:\Users\fight\.gradle\caches\modules-2\files-2.1\org.glassfish.jaxb\jaxb-runtime\4.0.2\e4e4e0c5b0d42054d00dc4023901572a60d368c7\jaxb-runtime-4.0.2.jar;D:\Users\fight\.gradle\caches\modules-2\files-2.1\jakarta.xml.bind\jakarta.xml.bind-api\4.0.0\bbb399208d288b15ec101fa4fcfc4bd77cedc97a\jakarta.xml.bind-api-4.0.0.jar;D:\Users\fight\.gradle\caches\modules-2\files-2.1\jakarta.inject\jakarta.inject-api\2.0.1\4c28afe1991a941d7702fe1362c365f0a8641d1e\jakarta.inject-api-2.0.1.jar;D:\Users\fight\.gradle\caches\modules-2\files-2.1\org.glassfish.jaxb\jaxb-core\4.0.2\8c29249f6c10f4ee08967783831580b0f5c5360\jaxb-core-4.0.2.jar;D:\Users\fight\.gradle\caches\modules-2\files-2.1\jakarta.activation\jakarta.activation-api\2.1.2\640c0d5aff45dbff1e1a1bc09673ff3a02b1ba12\jakarta.activation-api-2.1.2.jar;D:\Users\fight\.gradle\caches\modules-2\files-2.1\org.eclipse.angus\angus-activation\2.0.0\72369f4e2314d38de2dcbb277141ef0226f73151\angus-activation-2.0.0.jar;D:\Users\fight\.gradle\caches\modules-2\files-2.1\org.glassfish.jaxb\txw2\4.0.2\24e167be69c29ebb7ee0a3b1f9b546f1dfd111fc\txw2-4.0.2.jar;D:\Users\fight\.gradle\caches\modules-2\files-2.1\com.sun.istack\istack-commons-runtime\4.1.1\9b3769c76235bc283b060da4fae2318c6d53f07e\istack-commons-runtime-4.1.1.jar
Launcher Type: SUN_STANDARD

[Global flags]
     intx CICompilerCount                          = 4                                         {product} {ergonomic}
     uint ConcGCThreads                            = 3                                         {product} {ergonomic}
     uint G1ConcRefinementThreads                  = 10                                        {product} {ergonomic}
   size_t G1HeapRegionSize                         = 2097152                                   {product} {ergonomic}
    uintx GCDrainStackTargetSize                   = 64                                        {product} {ergonomic}
   size_t InitialHeapSize                          = 232783872                                 {product} {ergonomic}
   size_t MarkStackSize                            = 4194304                                   {product} {ergonomic}
   size_t MaxHeapSize                              = 3720347648                                {product} {ergonomic}
   size_t MinHeapDeltaBytes                        = 2097152                                   {product} {ergonomic}
   size_t MinHeapSize                              = 8388608                                   {product} {ergonomic}
    uintx NonNMethodCodeHeapSize                   = 5839372                                {pd product} {ergonomic}
    uintx NonProfiledCodeHeapSize                  = 122909434                              {pd product} {ergonomic}
    uintx ProfiledCodeHeapSize                     = 122909434                              {pd product} {ergonomic}
    uintx ReservedCodeCacheSize                    = 251658240                              {pd product} {ergonomic}
     bool SegmentedCodeCache                       = true                                      {product} {ergonomic}
   size_t SoftMaxHeapSize                          = 3720347648                             {manageable} {ergonomic}
     bool UseCompressedClassPointers               = true                           {product lp64_product} {ergonomic}
     bool UseCompressedOops                        = true                           {product lp64_product} {ergonomic}
     bool UseG1GC                                  = true                                      {product} {ergonomic}
     bool UseLargePagesIndividualAllocation        = false                                  {pd product} {ergonomic}

Logging:
Log output configuration:
 #0: stdout all=warning uptime,level,tags foldmultilines=false
 #1: stderr all=off uptime,level,tags foldmultilines=false

Environment Variables:
PATH=C:\Program Files (x86)\Common Files\Oracle\Java\javapath;C:\Windows\system32;C:\Windows;C:\Windows\System32\Wbem;C:\Windows\System32\WindowsPowerShell\v1.0\;C:\Windows\System32\OpenSSH\;C:\Program Files\NVIDIA Corporation\NVIDIA NvDLISR;C:\Program Files (x86)\NVIDIA Corporation\PhysX\Common;C:\Program Files\Git\cmd;C:\Program Files\Docker\Docker\resources\bin;C:\Program Files\Pandoc\;D:\Users\fight\AppData\Local\Programs\Python\Python311\Scripts\;D:\Users\fight\AppData\Local\Programs\Python\Python311\;D:\Users\fight\AppData\Local\Microsoft\WindowsApps;D:\Program Files\JetBrains\IntelliJ IDEA 2022.3.2\bin;;D:\Program Files\JetBrains\IntelliJ IDEA Community Edition 2022.3.2\bin;;D:\Program Files\JetBrains\PyCharm Community Edition 2022.3.3\bin;;D:\Users\Maninder\AppData\Local\Programs\Python\Python311 D:\Users\fight\AppData\Local\Programs\Python\Python311\Scripts\;
USERNAME=fight
OS=Windows_NT
PROCESSOR_IDENTIFIER=AMD64 Family 25 Model 80 Stepping 0, AuthenticAMD
TMP=D:\Users\fight\AppData\Local\Temp
TEMP=D:\Users\fight\AppData\Local\Temp



---------------  S Y S T E M  ---------------

OS:
 Windows 10 , 64 bit Build 19041 (10.0.19041.2913)
OS uptime: 0 days 0:48 hours
Hyper-V role detected

CPU: total 12 (initial active 12) (12 cores per cpu, 2 threads per core) family 25 model 80 stepping 0 microcode 0x0, cx8, cmov, fxsr, ht, mmx, 3dnowpref, sse, sse2, sse3, ssse3, sse4a, sse4.1, sse4.2, popcnt, lzcnt, tsc, tscinvbit, avx, avx2, aes, erms, clmul, bmi1, bmi2, adx, sha, fma, vzeroupper, clflush, clflushopt, hv, rdtscp, rdpid, fsrm

Memory: 4k page, system-wide physical 14188M (18M free)
TotalPageFile size 26688M (AvailPageFile size 195M)
current process WorkingSet (physical memory assigned to process): 10M, peak: 10M
current process commit charge ("private bytes"): 64M, peak: 286M

vm_info: OpenJDK 64-Bit Server VM (19.0.2+7-44) for windows-amd64 JRE (19.0.2+7-44), built on 2022-11-30T18:02:09Z by "mach5one" with MS VC++ 17.1 (VS2022)

END.
